<?xml version="1.0" encoding="UTF-8"?>
<!-- Generated by org.testng.reporters.JUnitXMLReporter -->
<testsuite ignored="1" hostname="LTIN458472" failures="0" tests="1" name="NegativeUsernameTests" time="11.395" errors="0" timestamp="2024-08-23T16:12:04 IST">
  <testcase classname="com.herokuapp.theinternet.LoginTests" name="negativeLoginTest" time="6.986"/>
  <testcase classname="com.herokuapp.theinternet.LoginTests" name="positiveLoginTest" time="0.0">
    <ignored/>
  </testcase> <!-- positiveLoginTest -->
</testsuite> <!-- NegativeUsernameTests -->
