<?xml version="1.0" encoding="UTF-8"?>
<testng-results ignored="0" total="3" passed="3" failed="0" skipped="0">
  <reporter-output>
  </reporter-output>
  <suite started-at="2024-08-23T16:11:34 IST" name="NegativeTestsSuite" finished-at="2024-08-23T16:12:40 IST" duration-ms="66282">
    <groups>
      <group name="positiveTests">
        <method signature="LoginTests.positiveLoginTest()[pri:1, instance:com.herokuapp.theinternet.LoginTests@53aac487]" name="positiveLoginTest" class="com.herokuapp.theinternet.LoginTests"/>
      </group> <!-- positiveTests -->
      <group name="smokeTests">
        <method signature="LoginTests.positiveLoginTest()[pri:1, instance:com.herokuapp.theinternet.LoginTests@53aac487]" name="positiveLoginTest" class="com.herokuapp.theinternet.LoginTests"/>
        <method signature="LoginTests.negativeLoginTest(java.lang.String,java.lang.String,java.lang.String)[pri:2, instance:com.herokuapp.theinternet.LoginTests@3a7442c7]" name="negativeLoginTest" class="com.herokuapp.theinternet.LoginTests"/>
        <method signature="LoginTests.negativeLoginTest(java.lang.String,java.lang.String,java.lang.String)[pri:2, instance:com.herokuapp.theinternet.LoginTests@548d708a]" name="negativeLoginTest" class="com.herokuapp.theinternet.LoginTests"/>
      </group> <!-- smokeTests -->
      <group name="negativeTests">
        <method signature="LoginTests.negativeLoginTest(java.lang.String,java.lang.String,java.lang.String)[pri:2, instance:com.herokuapp.theinternet.LoginTests@3a7442c7]" name="negativeLoginTest" class="com.herokuapp.theinternet.LoginTests"/>
        <method signature="LoginTests.negativeLoginTest(java.lang.String,java.lang.String,java.lang.String)[pri:2, instance:com.herokuapp.theinternet.LoginTests@548d708a]" name="negativeLoginTest" class="com.herokuapp.theinternet.LoginTests"/>
      </group> <!-- negativeTests -->
    </groups>
    <test started-at="2024-08-23T16:11:34 IST" name="PositiveTests" finished-at="2024-08-23T16:11:52 IST" duration-ms="18009">
      <class name="com.herokuapp.theinternet.LoginTests">
        <test-method is-config="true" signature="setUp(java.lang.String)[pri:0, instance:com.herokuapp.theinternet.LoginTests@53aac487]" started-at="2024-08-23T16:11:34 IST" name="setUp" finished-at="2024-08-23T16:11:39 IST" duration-ms="4801" status="PASS">
          <params>
            <param index="0">
              <value>
                <![CDATA[chrome]]>
              </value>
            </param>
          </params>
          <reporter-output>
          </reporter-output>
        </test-method> <!-- setUp -->
        <test-method signature="positiveLoginTest()[pri:1, instance:com.herokuapp.theinternet.LoginTests@53aac487]" started-at="2024-08-23T16:11:39 IST" name="positiveLoginTest" finished-at="2024-08-23T16:11:52 IST" duration-ms="13064" status="PASS">
          <reporter-output>
          </reporter-output>
        </test-method> <!-- positiveLoginTest -->
        <test-method is-config="true" signature="tearDown()[pri:0, instance:com.herokuapp.theinternet.LoginTests@53aac487]" started-at="2024-08-23T16:11:52 IST" name="tearDown" finished-at="2024-08-23T16:11:52 IST" duration-ms="81" status="PASS">
          <reporter-output>
          </reporter-output>
        </test-method> <!-- tearDown -->
      </class> <!-- com.herokuapp.theinternet.LoginTests -->
    </test> <!-- PositiveTests -->
    <test started-at="2024-08-23T16:11:52 IST" name="NegativeUsernameTests" finished-at="2024-08-23T16:12:04 IST" duration-ms="11395">
      <class name="com.herokuapp.theinternet.LoginTests">
        <test-method is-config="true" signature="setUp(java.lang.String)[pri:0, instance:com.herokuapp.theinternet.LoginTests@3a7442c7]" started-at="2024-08-23T16:11:52 IST" name="setUp" finished-at="2024-08-23T16:11:56 IST" duration-ms="4288" status="PASS">
          <params>
            <param index="0">
              <value>
                <![CDATA[chrome]]>
              </value>
            </param>
          </params>
          <reporter-output>
          </reporter-output>
        </test-method> <!-- setUp -->
        <test-method signature="negativeLoginTest(java.lang.String,java.lang.String,java.lang.String)[pri:2, instance:com.herokuapp.theinternet.LoginTests@3a7442c7]" started-at="2024-08-23T16:11:56 IST" name="negativeLoginTest" finished-at="2024-08-23T16:12:03 IST" duration-ms="6986" status="PASS">
          <params>
            <param index="0">
              <value>
                <![CDATA[Sam]]>
              </value>
            </param>
            <param index="1">
              <value>
                <![CDATA[SuperSecretPassword!]]>
              </value>
            </param>
            <param index="2">
              <value>
                <![CDATA[Your username is invalid!]]>
              </value>
            </param>
          </params>
          <reporter-output>
          </reporter-output>
        </test-method> <!-- negativeLoginTest -->
        <test-method is-config="true" signature="tearDown()[pri:0, instance:com.herokuapp.theinternet.LoginTests@3a7442c7]" started-at="2024-08-23T16:12:03 IST" name="tearDown" finished-at="2024-08-23T16:12:04 IST" duration-ms="118" status="PASS">
          <reporter-output>
          </reporter-output>
        </test-method> <!-- tearDown -->
      </class> <!-- com.herokuapp.theinternet.LoginTests -->
    </test> <!-- NegativeUsernameTests -->
    <test started-at="2024-08-23T16:12:04 IST" name="NegativePasswordTests" finished-at="2024-08-23T16:12:40 IST" duration-ms="36794">
      <class name="com.herokuapp.theinternet.LoginTests">
        <test-method is-config="true" signature="setUp(java.lang.String)[pri:0, instance:com.herokuapp.theinternet.LoginTests@548d708a]" started-at="2024-08-23T16:12:04 IST" name="setUp" finished-at="2024-08-23T16:12:31 IST" duration-ms="27564" status="PASS">
          <params>
            <param index="0">
              <value>
                <![CDATA[firefox]]>
              </value>
            </param>
          </params>
          <reporter-output>
          </reporter-output>
        </test-method> <!-- setUp -->
        <test-method signature="negativeLoginTest(java.lang.String,java.lang.String,java.lang.String)[pri:2, instance:com.herokuapp.theinternet.LoginTests@548d708a]" started-at="2024-08-23T16:12:31 IST" name="negativeLoginTest" finished-at="2024-08-23T16:12:38 IST" duration-ms="7237" status="PASS">
          <params>
            <param index="0">
              <value>
                <![CDATA[tomsmith]]>
              </value>
            </param>
            <param index="1">
              <value>
                <![CDATA[abcd]]>
              </value>
            </param>
            <param index="2">
              <value>
                <![CDATA[Your password is invalid!]]>
              </value>
            </param>
          </params>
          <reporter-output>
          </reporter-output>
        </test-method> <!-- negativeLoginTest -->
        <test-method is-config="true" signature="tearDown()[pri:0, instance:com.herokuapp.theinternet.LoginTests@548d708a]" started-at="2024-08-23T16:12:38 IST" name="tearDown" finished-at="2024-08-23T16:12:40 IST" duration-ms="1986" status="PASS">
          <reporter-output>
          </reporter-output>
        </test-method> <!-- tearDown -->
      </class> <!-- com.herokuapp.theinternet.LoginTests -->
    </test> <!-- NegativePasswordTests -->
  </suite> <!-- NegativeTestsSuite -->
</testng-results>
